Using pre-set license
Built from '2022.3/staging' branch; Version is '2022.3.7f1 (b16b3b16c7a0) revision 11627323'; Using compiler version '192829333'; Build Type 'Release'
OS: 'Windows 11  (10.0.22631) 64bit CoreSingleLanguage' Language: 'es' Physical Memory: 3900 MB
BatchMode: 1, IsHumanControllingUs: 0, StartBugReporterOnCrash: 0, Is64bit: 1, IsPro: 1

COMMAND LINE ARGUMENTS:
C:\Program Files\Unity\Hub\Editor\2022.3.7f1\Editor\Unity.exe
-adb2
-batchMode
-noUpm
-name
AssetImportWorker0
-projectPath
C:/Users/FABRICIO/OneDrive/Desktop/Lab 6/Laboratorio-6/Laboratorio 6
-logFile
Logs/AssetImportWorker0.log
-srvPort
49786
Successfully changed project path to: C:/Users/FABRICIO/OneDrive/Desktop/Lab 6/Laboratorio-6/Laboratorio 6
C:/Users/FABRICIO/OneDrive/Desktop/Lab 6/Laboratorio-6/Laboratorio 6
[UnityMemory] Configuration Parameters - Can be set up in boot.config
    "memorysetup-bucket-allocator-granularity=16"
    "memorysetup-bucket-allocator-bucket-count=8"
    "memorysetup-bucket-allocator-block-size=33554432"
    "memorysetup-bucket-allocator-block-count=8"
    "memorysetup-main-allocator-block-size=16777216"
    "memorysetup-thread-allocator-block-size=16777216"
    "memorysetup-gfx-main-allocator-block-size=16777216"
    "memorysetup-gfx-thread-allocator-block-size=16777216"
    "memorysetup-cache-allocator-block-size=4194304"
    "memorysetup-typetree-allocator-block-size=2097152"
    "memorysetup-profiler-bucket-allocator-granularity=16"
    "memorysetup-profiler-bucket-allocator-bucket-count=8"
    "memorysetup-profiler-bucket-allocator-block-size=33554432"
    "memorysetup-profiler-bucket-allocator-block-count=8"
    "memorysetup-profiler-allocator-block-size=16777216"
    "memorysetup-profiler-editor-allocator-block-size=1048576"
    "memorysetup-temp-allocator-size-main=16777216"
    "memorysetup-job-temp-allocator-block-size=2097152"
    "memorysetup-job-temp-allocator-block-size-background=1048576"
    "memorysetup-job-temp-allocator-reduction-small-platforms=262144"
    "memorysetup-allocator-temp-initial-block-size-main=262144"
    "memorysetup-allocator-temp-initial-block-size-worker=262144"
    "memorysetup-temp-allocator-size-background-worker=32768"
    "memorysetup-temp-allocator-size-job-worker=262144"
    "memorysetup-temp-allocator-size-preload-manager=33554432"
    "memorysetup-temp-allocator-size-nav-mesh-worker=65536"
    "memorysetup-temp-allocator-size-audio-worker=65536"
    "memorysetup-temp-allocator-size-cloud-worker=32768"
    "memorysetup-temp-allocator-size-gi-baking-worker=262144"
    "memorysetup-temp-allocator-size-gfx=262144"
Player connection [4504] Host "[IP] 192.168.1.38 [Port] 0 [Flags] 2 [Guid] 2459717843 [EditorId] 2459717843 [Version] 1048832 [Id] WindowsEditor(7,LAPTOP-F20H4THL) [Debug] 1 [PackageName] WindowsEditor [ProjectName] Editor" joined multi-casting on [225.0.0.222:54997]...

Player connection [4504] Host "[IP] 192.168.1.38 [Port] 0 [Flags] 2 [Guid] 2459717843 [EditorId] 2459717843 [Version] 1048832 [Id] WindowsEditor(7,LAPTOP-F20H4THL) [Debug] 1 [PackageName] WindowsEditor [ProjectName] Editor" joined alternative multi-casting on [225.0.0.222:34997]...

Refreshing native plugins compatible for Editor in 2652.84 ms, found 3 plugins.
Preloading 0 native plugins for Editor in 0.00 ms.
Initialize engine version: 2022.3.7f1 (b16b3b16c7a0)
[Subsystems] Discovering subsystems at path C:/Program Files/Unity/Hub/Editor/2022.3.7f1/Editor/Data/Resources/UnitySubsystems
[Subsystems] Discovering subsystems at path C:/Users/FABRICIO/OneDrive/Desktop/Lab 6/Laboratorio-6/Laboratorio 6/Assets
GfxDevice: creating device client; threaded=0; jobified=0
Direct3D:
    Version:  Direct3D 11.0 [level 11.1]
    Renderer: Intel(R) UHD Graphics (ID=0x9b41)
    Vendor:   Intel
    VRAM:     1950 MB
    Driver:   30.0.101.2079
Initialize mono
Mono path[0] = 'C:/Program Files/Unity/Hub/Editor/2022.3.7f1/Editor/Data/Managed'
Mono path[1] = 'C:/Program Files/Unity/Hub/Editor/2022.3.7f1/Editor/Data/MonoBleedingEdge/lib/mono/unityjit-win32'
Mono config path = 'C:/Program Files/Unity/Hub/Editor/2022.3.7f1/Editor/Data/MonoBleedingEdge/etc'
Using monoOptions --debugger-agent=transport=dt_socket,embedding=1,server=y,suspend=n,address=127.0.0.1:56544
Begin MonoManager ReloadAssembly
Registering precompiled unity dll's ...
Register platform support module: C:/Program Files/Unity/Hub/Editor/2022.3.7f1/Editor/Data/PlaybackEngines/WebGLSupport/UnityEditor.WebGL.Extensions.dll
Register platform support module: C:/Program Files/Unity/Hub/Editor/2022.3.7f1/Editor/Data/PlaybackEngines/WindowsStandaloneSupport/UnityEditor.WindowsStandalone.Extensions.dll
Registered in 0.048730 seconds.
- Loaded All Assemblies, in  6.165 seconds
Native extension for WindowsStandalone target not found
Native extension for WebGL target not found
Mono: successfully reloaded assembly
- Finished resetting the current domain, in  5.833 seconds
Domain Reload Profiling: 11996ms
	BeginReloadAssembly (1006ms)
		ExecutionOrderSort (0ms)
		DisableScriptedObjects (0ms)
		BackupInstance (0ms)
		ReleaseScriptingObjects (0ms)
		CreateAndSetChildDomain (3ms)
	RebuildCommonClasses (728ms)
	RebuildNativeTypeToScriptingClass (32ms)
	initialDomainReloadingComplete (225ms)
	LoadAllAssembliesAndSetupDomain (4169ms)
		LoadAssemblies (996ms)
		RebuildTransferFunctionScriptingTraits (0ms)
		AnalyzeDomain (4163ms)
			TypeCache.Refresh (4151ms)
				TypeCache.ScanAssembly (3429ms)
			ScanForSourceGeneratedMonoScriptInfo (2ms)
			ResolveRequiredComponents (2ms)
	FinalizeReload (5836ms)
		ReleaseScriptCaches (0ms)
		RebuildScriptCaches (0ms)
		SetupLoadedEditorAssemblies (5266ms)
			LogAssemblyErrors (0ms)
			InitializePlatformSupportModulesInManaged (285ms)
			SetLoadedEditorAssemblies (227ms)
			RefreshPlugins (0ms)
			BeforeProcessingInitializeOnLoad (28ms)
			ProcessInitializeOnLoadAttributes (3993ms)
			ProcessInitializeOnLoadMethodAttributes (729ms)
			AfterProcessingInitializeOnLoad (3ms)
			EditorAssembliesLoaded (2ms)
		ExecutionOrderSort2 (0ms)
		AwakeInstancesAfterBackupRestoration (0ms)
========================================================================
Worker process is ready to serve import requests
Begin MonoManager ReloadAssembly
Symbol file LoadedFromMemory doesn't match image C:\Users\FABRICIO\OneDrive\Desktop\Lab 6\Laboratorio-6\Laboratorio 6\Library\PackageCache\com.unity.visualscripting@1.8.0\Editor\VisualScripting.Core\Dependencies\YamlDotNet\Unity.VisualScripting.YamlDotNet.dll
Symbol file LoadedFromMemory doesn't match image C:\Users\FABRICIO\OneDrive\Desktop\Lab 6\Laboratorio-6\Laboratorio 6\Library\PackageCache\com.unity.visualscripting@1.8.0\Editor\VisualScripting.Core\Dependencies\DotNetZip\Unity.VisualScripting.IonicZip.dll
- Loaded All Assemblies, in 28.327 seconds
Refreshing native plugins compatible for Editor in 122.39 ms, found 3 plugins.
Native extension for WindowsStandalone target not found
Native extension for WebGL target not found
Package Manager log level set to [2]
[Package Manager] Server::EnsureServerProcessIsRunning -- launch failed, reason: Unity was launched with the -noUpm command-line argument
[Package Manager] UpmClient::Send -- Unable to send message (not connected to UPM process).
[Package Manager] Cannot connect to Unity Package Manager local server
Mono: successfully reloaded assembly
- Finished resetting the current domain, in 19.242 seconds
Domain Reload Profiling: 48367ms
	BeginReloadAssembly (4740ms)
		ExecutionOrderSort (3ms)
		DisableScriptedObjects (176ms)
		BackupInstance (0ms)
		ReleaseScriptingObjects (2ms)
		CreateAndSetChildDomain (1570ms)
	RebuildCommonClasses (154ms)
	RebuildNativeTypeToScriptingClass (61ms)
	initialDomainReloadingComplete (400ms)
	LoadAllAssembliesAndSetupDomain (23765ms)
		LoadAssemblies (14794ms)
		RebuildTransferFunctionScriptingTraits (0ms)
		AnalyzeDomain (9349ms)
			TypeCache.Refresh (9174ms)
				TypeCache.ScanAssembly (3921ms)
			ScanForSourceGeneratedMonoScriptInfo (125ms)
			ResolveRequiredComponents (44ms)
	FinalizeReload (19247ms)
		ReleaseScriptCaches (0ms)
		RebuildScriptCaches (0ms)
		SetupLoadedEditorAssemblies (17006ms)
			LogAssemblyErrors (0ms)
			InitializePlatformSupportModulesInManaged (83ms)
			SetLoadedEditorAssemblies (54ms)
			RefreshPlugins (0ms)
			BeforeProcessingInitializeOnLoad (1668ms)
			ProcessInitializeOnLoadAttributes (14666ms)
			ProcessInitializeOnLoadMethodAttributes (443ms)
			AfterProcessingInitializeOnLoad (87ms)
			EditorAssembliesLoaded (5ms)
		ExecutionOrderSort2 (0ms)
		AwakeInstancesAfterBackupRestoration (266ms)
Launched and connected shader compiler UnityShaderCompiler.exe after 1.45 seconds
Refreshing native plugins compatible for Editor in 77.70 ms, found 3 plugins.
Preloading 0 native plugins for Editor in 0.00 ms.
Unloading 3624 Unused Serialized files (Serialized files now loaded: 0)
Unloading 51 unused Assets / (130.3 KB). Loaded Objects now: 4086.
Memory consumption went from 125.3 MB to 125.2 MB.
Total: 871.997200 ms (FindLiveObjects: 1.038600 ms CreateObjectMapping: 0.598200 ms MarkObjects: 106.845000 ms  DeleteObjects: 763.512100 ms)

AssetImportParameters requested are different than current active one (requested -> active):
  custom:container-demuxer-ogg: 62fdf1f143b41e24485cea50d1cbac27 -> 
  custom:video-decoder-ogg-theora: a1e56fd34408186e4bbccfd4996cb3dc -> 
  custom:framework-win-MediaFoundation: 216162199b28c13a410421893ffa2e32 -> 
  custom:CustomObjectIndexerAttribute: 756ad292c208cfabdd7b50bc23989ffe -> 
  custom:container-demuxer-webm: 4f35f7cbe854078d1ac9338744f61a02 -> 
  custom:container-muxer-webm: aa71ff27fc2769a1b78a27578f13a17b -> 
  custom:video-decoder-webm-vp8: 9c59270c3fd7afecdb556c50c9e8de78 -> 
  custom:SearchIndexIgnoredProperties: e643bd26f0fe6173181afceb89e7c659 -> 
  custom:AudioImporter_EditorPlatform: d09bf68614088b80899f8185d706f6e7 -> 
  custom:video-encoder-webm-vp8: eb34c28f22e8b96e1ab97ce403110664 -> 
  custom:audio-decoder-ogg-vorbis: bf7c407c2cedff20999df2af8eb42d56 -> 
  custom:audio-encoder-webm-vorbis: bf7c407c2cedff20999df2af8eb42d56 -> 
========================================================================
Received Import Request.
  Time since last request: 3665.737365 seconds.
  path: Assets/Audio/SFX/minecraft-door-open.mp3
  artifactKey: Guid(d70373b5e30d87b47b0e600e7eb2692b) Importer(815301076,1909f56bfc062723c751e8b465ee728b)
Start importing Assets/Audio/SFX/minecraft-door-open.mp3 using Guid(d70373b5e30d87b47b0e600e7eb2692b) Importer(815301076,1909f56bfc062723c751e8b465ee728b)  -> (artifact id: 'dd4da2029c5312d2b5b3f90fd891bf3c') in 1.568437 seconds
Number of updated asset objects reloaded before import = 0
Number of asset objects unloaded after import = 2
========================================================================
Received Import Request.
  Time since last request: 346.367128 seconds.
  path: Assets/Audio/SFX/Walking sound effect.mp3
  artifactKey: Guid(52dd64ee58fdf0c4f83f8ab09f9658c5) Importer(815301076,1909f56bfc062723c751e8b465ee728b)
Start importing Assets/Audio/SFX/Walking sound effect.mp3 using Guid(52dd64ee58fdf0c4f83f8ab09f9658c5) Importer(815301076,1909f56bfc062723c751e8b465ee728b)  -> (artifact id: '72b9a44c9e4f40408666fbb646768f2b') in 3.236711 seconds
Number of updated asset objects reloaded before import = 0
Number of asset objects unloaded after import = 2
========================================================================
Received Import Request.
  Time since last request: 36.680990 seconds.
  path: Assets/Audio
  artifactKey: Guid(70483e4476e74734a8f8fdc3448cd3ec) Importer(815301076,1909f56bfc062723c751e8b465ee728b)
Start importing Assets/Audio using Guid(70483e4476e74734a8f8fdc3448cd3ec) Importer(815301076,1909f56bfc062723c751e8b465ee728b)  -> (artifact id: '79a8489101b41b0157e515aeb7aa9428') in 0.034430 seconds
Number of updated asset objects reloaded before import = 0
Number of asset objects unloaded after import = 0
========================================================================
Received Import Request.
  Time since last request: 4.914388 seconds.
  path: Assets/Audio/Music
  artifactKey: Guid(e59f5348f3876094b8f5b2680f84e81f) Importer(815301076,1909f56bfc062723c751e8b465ee728b)
Start importing Assets/Audio/Music using Guid(e59f5348f3876094b8f5b2680f84e81f) Importer(815301076,1909f56bfc062723c751e8b465ee728b)  -> (artifact id: 'ca71b05f6d88129d6d26c73152b48476') in 0.008213 seconds
Number of updated asset objects reloaded before import = 0
Number of asset objects unloaded after import = 0
========================================================================
Received Import Request.
  Time since last request: 639.838792 seconds.
  path: Assets/Audio/Music/noname.mp3
  artifactKey: Guid(3e7587fc085084249917efb174ea9ab3) Importer(815301076,1909f56bfc062723c751e8b465ee728b)
Start importing Assets/Audio/Music/noname.mp3 using Guid(3e7587fc085084249917efb174ea9ab3) Importer(815301076,1909f56bfc062723c751e8b465ee728b)  -> (artifact id: '487d48b23cd8f5bfe8d49072336784e3') in 2.104448 seconds
Number of updated asset objects reloaded before import = 0
Number of asset objects unloaded after import = 2
========================================================================
Received Import Request.
  Time since last request: 14.501178 seconds.
  path: Assets/Audio/Music/Yellow.mp3
  artifactKey: Guid(3e7587fc085084249917efb174ea9ab3) Importer(815301076,1909f56bfc062723c751e8b465ee728b)
Start importing Assets/Audio/Music/Yellow.mp3 using Guid(3e7587fc085084249917efb174ea9ab3) Importer(815301076,1909f56bfc062723c751e8b465ee728b)  -> (artifact id: '0906c16ef98ea9f99c0cadf51aeb690d') in 0.146347 seconds
Number of updated asset objects reloaded before import = 0
Number of asset objects unloaded after import = 2
========================================================================
Received Import Request.
  Time since last request: 9.642366 seconds.
  path: Assets/Audio/Music/Eiffel 65 - Blue (Da Ba Dee) [Gabry Ponte Ice Pop Mix] (Original Video with subtitles).mp3
  artifactKey: Guid(b466a64a07e4c6e4884100832eae4f35) Importer(815301076,1909f56bfc062723c751e8b465ee728b)
Start importing Assets/Audio/Music/Eiffel 65 - Blue (Da Ba Dee) [Gabry Ponte Ice Pop Mix] (Original Video with subtitles).mp3 using Guid(b466a64a07e4c6e4884100832eae4f35) Importer(815301076,1909f56bfc062723c751e8b465ee728b)  -> (artifact id: '2a3cd17ee1bab33a1138a07d59eeb9f4') in 0.096030 seconds
Number of updated asset objects reloaded before import = 0
Number of asset objects unloaded after import = 2
========================================================================
Received Import Request.
  Time since last request: 12.134806 seconds.
  path: Assets/Audio/Music/Blue.mp3
  artifactKey: Guid(b466a64a07e4c6e4884100832eae4f35) Importer(815301076,1909f56bfc062723c751e8b465ee728b)
Start importing Assets/Audio/Music/Blue.mp3 using Guid(b466a64a07e4c6e4884100832eae4f35) Importer(815301076,1909f56bfc062723c751e8b465ee728b)  -> (artifact id: '80f1c4ad78b4a6000a3be33084e12e87') in 0.044735 seconds
Number of updated asset objects reloaded before import = 0
Number of asset objects unloaded after import = 2
========================================================================
Received Import Request.
  Time since last request: 4.476268 seconds.
  path: Assets/Audio/SFX/minecraft-door-close.mp3
  artifactKey: Guid(ce2fe652a1512564d9c6691cb0b2f0c9) Importer(815301076,1909f56bfc062723c751e8b465ee728b)
Start importing Assets/Audio/SFX/minecraft-door-close.mp3 using Guid(ce2fe652a1512564d9c6691cb0b2f0c9) Importer(815301076,1909f56bfc062723c751e8b465ee728b)  -> (artifact id: '99579a16957408c24907ff665839b871') in 0.108309 seconds
Number of updated asset objects reloaded before import = 0
Number of asset objects unloaded after import = 2
========================================================================
Received Import Request.
  Time since last request: 12.289788 seconds.
  path: Assets/Audio/SFX/Walking sfx.mp3
  artifactKey: Guid(52dd64ee58fdf0c4f83f8ab09f9658c5) Importer(815301076,1909f56bfc062723c751e8b465ee728b)
Start importing Assets/Audio/SFX/Walking sfx.mp3 using Guid(52dd64ee58fdf0c4f83f8ab09f9658c5) Importer(815301076,1909f56bfc062723c751e8b465ee728b)  -> (artifact id: '0e51a5166b155f450b1f6715a3835918') in 0.095050 seconds
Number of updated asset objects reloaded before import = 0
Number of asset objects unloaded after import = 2
========================================================================
Received Import Request.
  Time since last request: 4189.421978 seconds.
  path: Assets/NewAudioMixer.mixer
  artifactKey: Guid(b49aa90f09db0164dbbd1233c7819f85) Importer(815301076,1909f56bfc062723c751e8b465ee728b)
Start importing Assets/NewAudioMixer.mixer using Guid(b49aa90f09db0164dbbd1233c7819f85) Importer(815301076,1909f56bfc062723c751e8b465ee728b)  -> (artifact id: 'afa3946dfda7bed430188908d4f195d9') in 0.364764 seconds
Number of updated asset objects reloaded before import = 0
Number of asset objects unloaded after import = 4
========================================================================
Received Import Request.
  Time since last request: 24.376827 seconds.
  path: Assets/Audio/NewAudioMixer.mixer
  artifactKey: Guid(b49aa90f09db0164dbbd1233c7819f85) Importer(815301076,1909f56bfc062723c751e8b465ee728b)
Start importing Assets/Audio/NewAudioMixer.mixer using Guid(b49aa90f09db0164dbbd1233c7819f85) Importer(815301076,1909f56bfc062723c751e8b465ee728b)  -> (artifact id: 'd570d734938fdee28e664624208e4b94') in 0.066284 seconds
Number of updated asset objects reloaded before import = 0
Number of asset objects unloaded after import = 6
========================================================================
Received Import Request.
  Time since last request: 6.593860 seconds.
  path: Assets/Audio/NewAudioMixer.mixer
  artifactKey: Guid(b49aa90f09db0164dbbd1233c7819f85) Importer(815301076,1909f56bfc062723c751e8b465ee728b)
Start importing Assets/Audio/NewAudioMixer.mixer using Guid(b49aa90f09db0164dbbd1233c7819f85) Importer(815301076,1909f56bfc062723c751e8b465ee728b)  -> (artifact id: '5ec53de6aacd790417134bb66ae1b43d') in 0.008849 seconds
Number of updated asset objects reloaded before import = 0
Number of asset objects unloaded after import = 6
========================================================================
Received Import Request.
  Time since last request: 1.353950 seconds.
  path: Assets/Audio/NewAudioMixer.mixer
  artifactKey: Guid(b49aa90f09db0164dbbd1233c7819f85) Importer(815301076,1909f56bfc062723c751e8b465ee728b)
Start importing Assets/Audio/NewAudioMixer.mixer using Guid(b49aa90f09db0164dbbd1233c7819f85) Importer(815301076,1909f56bfc062723c751e8b465ee728b)  -> (artifact id: '9e49d22bd448d6f7c65da77d4ff97235') in 0.011143 seconds
Number of updated asset objects reloaded before import = 0
Number of asset objects unloaded after import = 8
========================================================================
Received Import Request.
  Time since last request: 2.129204 seconds.
  path: Assets/Audio/NewAudioMixer.mixer
  artifactKey: Guid(b49aa90f09db0164dbbd1233c7819f85) Importer(815301076,1909f56bfc062723c751e8b465ee728b)
Start importing Assets/Audio/NewAudioMixer.mixer using Guid(b49aa90f09db0164dbbd1233c7819f85) Importer(815301076,1909f56bfc062723c751e8b465ee728b)  -> (artifact id: '9c54ab421831c3bbfce79a16222df92e') in 0.008654 seconds
Number of updated asset objects reloaded before import = 0
Number of asset objects unloaded after import = 8
========================================================================
Received Import Request.
  Time since last request: 1793.489170 seconds.
  path: Assets/Sprites
  artifactKey: Guid(375e13e7ccd9e7f4f9e70577ae134b70) Importer(815301076,1909f56bfc062723c751e8b465ee728b)
Start importing Assets/Sprites using Guid(375e13e7ccd9e7f4f9e70577ae134b70) Importer(815301076,1909f56bfc062723c751e8b465ee728b)  -> (artifact id: 'b8f08b6be32ca0b4df12931130b856c4') in 0.160531 seconds
Number of updated asset objects reloaded before import = 0
Number of asset objects unloaded after import = 0
========================================================================
Received Import Request.
  Time since last request: 73.944597 seconds.
  path: Assets/Sprites/settings.png
  artifactKey: Guid(0a4c17872076153418d561d3f0cfd7bd) Importer(815301076,1909f56bfc062723c751e8b465ee728b)
Start importing Assets/Sprites/settings.png using Guid(0a4c17872076153418d561d3f0cfd7bd) Importer(815301076,1909f56bfc062723c751e8b465ee728b)  -> (artifact id: 'e5292797528d0cbb319422b11d821f23') in 2.500185 seconds
Number of updated asset objects reloaded before import = 0
Number of asset objects unloaded after import = 2
